<?xml version="1.0" encoding="UTF-8"?>
<!-- Generated by org.testng.reporters.JUnitReportReporter -->
<testsuite hostname="DESKTOP-FJKP7PT" failures="0" tests="1" name="com.orm.testcases.InvoiceDownloadTestCases" time="9.506" errors="0" timestamp="2024-12-13T14:47:07 IST" skipped="0">
  <testcase classname="com.orm.testcases.InvoiceDownloadTestCases" name="display" time="9.506"/>
  <system-out/>
</testsuite> <!-- com.orm.testcases.InvoiceDownloadTestCases -->
