<?xml version="1.0" encoding="UTF-8"?>
<!-- Generated by org.testng.reporters.JUnitReportReporter -->
<testsuite hostname="DESKTOP-FJKP7PT" failures="0" tests="1" name="com.orm.testcases.PropertyDetailsTestcases" time="13.224" errors="0" timestamp="2024-12-16T14:37:52 IST" skipped="0">
  <testcase classname="com.orm.testcases.PropertyDetailsTestcases" name="display" time="13.224"/>
  <system-out/>
</testsuite> <!-- com.orm.testcases.PropertyDetailsTestcases -->
