<?xml version="1.0" encoding="UTF-8"?>
<!-- Generated by org.testng.reporters.JUnitReportReporter -->
<testsuite hostname="DESKTOP-FJKP7PT" failures="0" tests="1" name="com.orm.testcases.ClaimsTestCases" time="15.849" errors="0" timestamp="2024-12-13T17:39:32 IST" skipped="0">
  <testcase classname="com.orm.testcases.ClaimsTestCases" name="display" time="15.849"/>
  <system-out/>
</testsuite> <!-- com.orm.testcases.ClaimsTestCases -->
