<?xml version="1.0" encoding="UTF-8"?>
<!-- Generated by org.testng.reporters.JUnitReportReporter -->
<testsuite hostname="DESKTOP-FJKP7PT" failures="0" tests="1" name="com.orm.testcases.loginPageTestcases" time="11.091" errors="0" timestamp="2024-11-26T23:19:33 IST" skipped="0">
  <testcase classname="com.orm.testcases.loginPageTestcases" name="display" time="11.091"/>
  <system-out/>
</testsuite> <!-- com.orm.testcases.loginPageTestcases -->
